This is pdfTeX, Version 3.141592653-2.6-1.40.25 (TeX Live 2023) (preloaded format=pdflatex 2024.1.23)  8 JUL 2024 18:43
entering extended mode
 restricted \write18 enabled.
 file:line:error style messages enabled.
 %&-line parsing enabled.
**"Bug Discussion.tex"
(./Bug Discussion.tex
LaTeX2e <2022-11-01> patch level 1
L3 programming layer <2023-02-22>
(c:/texlive/2023/texmf-dist/tex/latex/base/article.cls
Document Class: article 2022/07/02 v1.4n Standard LaTeX document class
(c:/texlive/2023/texmf-dist/tex/latex/base/size10.clo
File: size10.clo 2022/07/02 v1.4n Standard LaTeX file (size option)
)
\c@part=\count185
\c@section=\count186
\c@subsection=\count187
\c@subsubsection=\count188
\c@paragraph=\count189
\c@subparagraph=\count190
\c@figure=\count191
\c@table=\count192
\abovecaptionskip=\skip48
\belowcaptionskip=\skip49
\bibindent=\dimen140
)
(c:/texlive/2023/texmf-dist/tex/latex/graphics/graphicx.sty
Package: graphicx 2021/09/16 v1.2d Enhanced LaTeX Graphics (DPC,SPQR)

(c:/texlive/2023/texmf-dist/tex/latex/graphics/keyval.sty
Package: keyval 2022/05/29 v1.15 key=value parser (DPC)
\KV@toks@=\toks16
)
(c:/texlive/2023/texmf-dist/tex/latex/graphics/graphics.sty
Package: graphics 2022/03/10 v1.4e Standard LaTeX Graphics (DPC,SPQR)

(c:/texlive/2023/texmf-dist/tex/latex/graphics/trig.sty
Package: trig 2021/08/11 v1.11 sin cos tan (DPC)
)
(c:/texlive/2023/texmf-dist/tex/latex/graphics-cfg/graphics.cfg
File: graphics.cfg 2016/06/04 v1.11 sample graphics configuration
)
Package graphics Info: Driver file: pdftex.def on input line 107.

(c:/texlive/2023/texmf-dist/tex/latex/graphics-def/pdftex.def
File: pdftex.def 2022/09/22 v1.2b Graphics/color driver for pdftex
))
\Gin@req@height=\dimen141
\Gin@req@width=\dimen142
)
(c:/texlive/2023/texmf-dist/tex/latex/amsfonts/amsfonts.sty
Package: amsfonts 2013/01/14 v3.01 Basic AMSFonts support
\@emptytoks=\toks17
\symAMSa=\mathgroup4
\symAMSb=\mathgroup5
LaTeX Font Info:    Redeclaring math symbol \hbar on input line 98.
LaTeX Font Info:    Overwriting math alphabet `\mathfrak' in version `bold'
(Font)                  U/euf/m/n --> U/euf/b/n on input line 106.
)
(c:/texlive/2023/texmf-dist/tex/latex/float/float.sty
Package: float 2001/11/08 v1.3d Float enhancements (AL)
\c@float@type=\count193
\float@exts=\toks18
\float@box=\box51
\@float@everytoks=\toks19
\@floatcapt=\box52
)
(c:/texlive/2023/texmf-dist/tex/latex/l3backend/l3backend-pdftex.def
File: l3backend-pdftex.def 2023-01-16 L3 backend support: PDF output (pdfTeX)
\l__color_backend_stack_int=\count194
\l__pdf_internal_box=\box53
)
No file "Bug Discussion".aux.
\openout1 = `"Bug Discussion.aux"'.

LaTeX Font Info:    Checking defaults for OML/cmm/m/it on input line 12.
LaTeX Font Info:    ... okay on input line 12.
LaTeX Font Info:    Checking defaults for OMS/cmsy/m/n on input line 12.
LaTeX Font Info:    ... okay on input line 12.
LaTeX Font Info:    Checking defaults for OT1/cmr/m/n on input line 12.
LaTeX Font Info:    ... okay on input line 12.
LaTeX Font Info:    Checking defaults for T1/cmr/m/n on input line 12.
LaTeX Font Info:    ... okay on input line 12.
LaTeX Font Info:    Checking defaults for TS1/cmr/m/n on input line 12.
LaTeX Font Info:    ... okay on input line 12.
LaTeX Font Info:    Checking defaults for OMX/cmex/m/n on input line 12.
LaTeX Font Info:    ... okay on input line 12.
LaTeX Font Info:    Checking defaults for U/cmr/m/n on input line 12.
LaTeX Font Info:    ... okay on input line 12.
(c:/texlive/2023/texmf-dist/tex/context/base/mkii/supp-pdf.mkii
[Loading MPS to PDF converter (version 2006.09.02).]
\scratchcounter=\count195
\scratchdimen=\dimen143
\scratchbox=\box54
\nofMPsegments=\count196
\nofMParguments=\count197
\everyMPshowfont=\toks20
\MPscratchCnt=\count198
\MPscratchDim=\dimen144
\MPnumerator=\count199
\makeMPintoPDFobject=\count266
\everyMPtoPDFconversion=\toks21
) (c:/texlive/2023/texmf-dist/tex/latex/epstopdf-pkg/epstopdf-base.sty
Package: epstopdf-base 2020-01-24 v2.11 Base part for package epstopdf
Package epstopdf-base Info: Redefining graphics rule for `.eps' on input line 4
85.

(c:/texlive/2023/texmf-dist/tex/latex/latexconfig/epstopdf-sys.cfg
File: epstopdf-sys.cfg 2010/07/13 v1.3 Configuration of (r)epstopdf for TeX Liv
e
))
LaTeX Font Info:    Trying to load font information for U+msa on input line 14.


(c:/texlive/2023/texmf-dist/tex/latex/amsfonts/umsa.fd
File: umsa.fd 2013/01/14 v3.01 AMS symbols A
)
LaTeX Font Info:    Trying to load font information for U+msb on input line 14.


(c:/texlive/2023/texmf-dist/tex/latex/amsfonts/umsb.fd
File: umsb.fd 2013/01/14 v3.01 AMS symbols B
)
Overfull \hbox (55.4839pt too wide) in paragraph at lines 25--27
[]$[][] 
 []


Overfull \hbox (42.97017pt too wide) in paragraph at lines 34--35
[]$[]$ 
 []


Overfull \hbox (44.30348pt too wide) in paragraph at lines 46--47
[]$[]$ 
 []


Overfull \hbox (62.7756pt too wide) in paragraph at lines 50--51
[]$[]$ 
 []

<base_scalar.png, id=1, 960.58875pt x 437.38406pt>
File: base_scalar.png Graphic file (type png)
<use base_scalar.png>
Package pdftex.def Info: base_scalar.png  used on input line 61.
(pdftex.def)             Requested size: 345.0pt x 157.09106pt.
[1

{c:/texlive/2023/texmf-var/fonts/map/pdftex/updmap/pdftex.map}]
<schnorr multisig v1.png, id=18, 1368.61313pt x 706.13812pt>
File: schnorr multisig v1.png Graphic file (type png)
<use schnorr multisig v1.png>
Package pdftex.def Info: schnorr multisig v1.png  used on input line 70.
(pdftex.def)             Requested size: 345.0pt x 177.99947pt.

Overfull \hbox (15.0pt too wide) in paragraph at lines 70--71
[][] 
 []

[2{c:/texlive/2023/texmf-dist/fonts/enc/dvips/cm-super/cm-super-ts1.enc} <./bas
e_scalar.png> <./schnorr multisig v1.png>]
<bug screen shot.png, id=25, 835.12pt x 765.86125pt>
File: bug screen shot.png Graphic file (type png)
<use bug screen shot.png>
Package pdftex.def Info: bug screen shot.png  used on input line 111.
(pdftex.def)             Requested size: 345.0pt x 316.3891pt.

Overfull \hbox (15.0pt too wide) in paragraph at lines 111--112
[][] 
 []

[3]
<scalarvar.png, id=29, 766.36313pt x 94.85437pt>
File: scalarvar.png Graphic file (type png)
<use scalarvar.png>
Package pdftex.def Info: scalarvar.png  used on input line 119.
(pdftex.def)             Requested size: 345.0pt x 42.70143pt.

Overfull \hbox (15.0pt too wide) in paragraph at lines 119--120
[][] 
 []

[4 <./bug screen shot.png> <./scalarvar.png>]
<change_field.png, id=35, 994.46532pt x 804.00375pt>
File: change_field.png Graphic file (type png)
<use change_field.png>
Package pdftex.def Info: change_field.png  used on input line 138.
(pdftex.def)             Requested size: 345.0pt x 278.92737pt.

Overfull \hbox (15.0pt too wide) in paragraph at lines 138--139
[][] 
 []

[5 <./change_field.png>]
Overfull \hbox (4.95471pt too wide) in paragraph at lines 203--204
[]$\OT1/cmr/m/n/10 (\OML/cmm/m/it/10 X[]; X[]; :::; X[]\OT1/cmr/m/n/10 ) \OMS/c
msy/m/n/10 2 \OML/cmm/m/it/10 PK$\OT1/cmr/m/n/10 , where $\OML/cmm/m/it/10 PK \
OT1/cmr/m/n/10 = (\OML/cmm/m/it/10 X[]; X[]; :::; X[]; NX[]; NX[]; :::; NX[]\OT
1/cmr/m/n/10 )$ 
 []

[6]
Overfull \hbox (31.138pt too wide) in paragraph at lines 204--205
[]$\OML/cmm/m/it/10 a[] \OT1/cmr/m/n/10 = \OML/cmm/m/it/10 H\OT1/cmr/m/n/10 (\O
ML/cmm/m/it/10 L\OMS/cmsy/m/n/10 jj\OML/cmm/m/it/10 X[]\OT1/cmr/m/n/10 )$ for a
ll $\OML/cmm/m/it/10 X[]$\OT1/cmr/m/n/10 , where $\OML/cmm/m/it/10 L \OT1/cmr/m
/n/10 = \OML/cmm/m/it/10 ROOT\OT1/cmr/m/n/10 (\OML/cmm/m/it/10 X[]; X[]; :::; X
[]; NX[]; NX[]; :::; NX[]\OT1/cmr/m/n/10 )$ 
 []

[7]
(D:/bridge-manuscript/2024.06/2024.06.25(Bud Discussion)/out/Bug Discussion.aux
)

LaTeX Warning: Label(s) may have changed. Rerun to get cross-references right.

 ) 
Here is how much of TeX's memory you used:
 1545 strings out of 477932
 25656 string characters out of 5838032
 1860382 words of memory out of 5000000
 21761 multiletter control sequences out of 15000+600000
 521104 words of font info for 66 fonts, out of 8000000 for 9000
 36 hyphenation exceptions out of 8191
 57i,8n,62p,280b,219s stack positions out of 10000i,1000n,20000p,200000b,200000s
<c:/texlive/2023/texmf-dist/fonts/type1/public/amsfonts/cm/cmbx10.pfb><c:/tex
live/2023/texmf-dist/fonts/type1/public/amsfonts/cm/cmbx12.pfb><c:/texlive/2023
/texmf-dist/fonts/type1/public/amsfonts/cm/cmmi10.pfb><c:/texlive/2023/texmf-di
st/fonts/type1/public/amsfonts/cm/cmmi7.pfb><c:/texlive/2023/texmf-dist/fonts/t
ype1/public/amsfonts/cm/cmr10.pfb><c:/texlive/2023/texmf-dist/fonts/type1/publi
c/amsfonts/cm/cmr12.pfb><c:/texlive/2023/texmf-dist/fonts/type1/public/amsfonts
/cm/cmr17.pfb><c:/texlive/2023/texmf-dist/fonts/type1/public/amsfonts/cm/cmr7.p
fb><c:/texlive/2023/texmf-dist/fonts/type1/public/amsfonts/cm/cmsy10.pfb><c:/te
xlive/2023/texmf-dist/fonts/type1/public/amsfonts/symbols/msbm10.pfb><c:/texliv
e/2023/texmf-dist/fonts/type1/public/cm-super/sfrm1000.pfb>
Output written on "D:/bridge-manuscript/2024.06/2024.06.25(Bud Discussion)/out/
Bug Discussion.pdf" (7 pages, 554203 bytes).
PDF statistics:
 95 PDF objects out of 1000 (max. 8388607)
 53 compressed objects within 1 object stream
 0 named destinations out of 1000 (max. 500000)
 26 words of extra memory for PDF output out of 10000 (max. 10000000)

