This is pdfTeX, Version 3.141592653-2.6-1.40.25 (TeX Live 2023) (preloaded format=pdflatex 2024.1.23)  13 JUN 2024 14:12
entering extended mode
 restricted \write18 enabled.
 file:line:error style messages enabled.
 %&-line parsing enabled.
**"Cardano Bridge.tex"
(./Cardano Bridge.tex
LaTeX2e <2022-11-01> patch level 1
L3 programming layer <2023-02-22>
(c:/texlive/2023/texmf-dist/tex/latex/base/article.cls
Document Class: article 2022/07/02 v1.4n Standard LaTeX document class
(c:/texlive/2023/texmf-dist/tex/latex/base/size10.clo
File: size10.clo 2022/07/02 v1.4n Standard LaTeX file (size option)
)
\c@part=\count185
\c@section=\count186
\c@subsection=\count187
\c@subsubsection=\count188
\c@paragraph=\count189
\c@subparagraph=\count190
\c@figure=\count191
\c@table=\count192
\abovecaptionskip=\skip48
\belowcaptionskip=\skip49
\bibindent=\dimen140
)
(c:/texlive/2023/texmf-dist/tex/latex/graphics/graphicx.sty
Package: graphicx 2021/09/16 v1.2d Enhanced LaTeX Graphics (DPC,SPQR)

(c:/texlive/2023/texmf-dist/tex/latex/graphics/keyval.sty
Package: keyval 2022/05/29 v1.15 key=value parser (DPC)
\KV@toks@=\toks16
)
(c:/texlive/2023/texmf-dist/tex/latex/graphics/graphics.sty
Package: graphics 2022/03/10 v1.4e Standard LaTeX Graphics (DPC,SPQR)

(c:/texlive/2023/texmf-dist/tex/latex/graphics/trig.sty
Package: trig 2021/08/11 v1.11 sin cos tan (DPC)
)
(c:/texlive/2023/texmf-dist/tex/latex/graphics-cfg/graphics.cfg
File: graphics.cfg 2016/06/04 v1.11 sample graphics configuration
)
Package graphics Info: Driver file: pdftex.def on input line 107.

(c:/texlive/2023/texmf-dist/tex/latex/graphics-def/pdftex.def
File: pdftex.def 2022/09/22 v1.2b Graphics/color driver for pdftex
))
\Gin@req@height=\dimen141
\Gin@req@width=\dimen142
)
(c:/texlive/2023/texmf-dist/tex/latex/float/float.sty
Package: float 2001/11/08 v1.3d Float enhancements (AL)
\c@float@type=\count193
\float@exts=\toks17
\float@box=\box51
\@float@everytoks=\toks18
\@floatcapt=\box52
)
(c:/texlive/2023/texmf-dist/tex/latex/l3backend/l3backend-pdftex.def
File: l3backend-pdftex.def 2023-01-16 L3 backend support: PDF output (pdfTeX)
\l__color_backend_stack_int=\count194
\l__pdf_internal_box=\box53
)
No file "Cardano Bridge".aux.
\openout1 = `"Cardano Bridge.aux"'.

LaTeX Font Info:    Checking defaults for OML/cmm/m/it on input line 12.
LaTeX Font Info:    ... okay on input line 12.
LaTeX Font Info:    Checking defaults for OMS/cmsy/m/n on input line 12.
LaTeX Font Info:    ... okay on input line 12.
LaTeX Font Info:    Checking defaults for OT1/cmr/m/n on input line 12.
LaTeX Font Info:    ... okay on input line 12.
LaTeX Font Info:    Checking defaults for T1/cmr/m/n on input line 12.
LaTeX Font Info:    ... okay on input line 12.
LaTeX Font Info:    Checking defaults for TS1/cmr/m/n on input line 12.
LaTeX Font Info:    ... okay on input line 12.
LaTeX Font Info:    Checking defaults for OMX/cmex/m/n on input line 12.
LaTeX Font Info:    ... okay on input line 12.
LaTeX Font Info:    Checking defaults for U/cmr/m/n on input line 12.
LaTeX Font Info:    ... okay on input line 12.
(c:/texlive/2023/texmf-dist/tex/context/base/mkii/supp-pdf.mkii
[Loading MPS to PDF converter (version 2006.09.02).]
\scratchcounter=\count195
\scratchdimen=\dimen143
\scratchbox=\box54
\nofMPsegments=\count196
\nofMParguments=\count197
\everyMPshowfont=\toks19
\MPscratchCnt=\count198
\MPscratchDim=\dimen144
\MPnumerator=\count199
\makeMPintoPDFobject=\count266
\everyMPtoPDFconversion=\toks20
) (c:/texlive/2023/texmf-dist/tex/latex/epstopdf-pkg/epstopdf-base.sty
Package: epstopdf-base 2020-01-24 v2.11 Base part for package epstopdf
Package epstopdf-base Info: Redefining graphics rule for `.eps' on input line 4
85.

(c:/texlive/2023/texmf-dist/tex/latex/latexconfig/epstopdf-sys.cfg
File: epstopdf-sys.cfg 2010/07/13 v1.3 Configuration of (r)epstopdf for TeX Liv
e
))
LaTeX Font Info:    External font `cmex10' loaded for size
(Font)              <12> on input line 14.
LaTeX Font Info:    External font `cmex10' loaded for size
(Font)              <8> on input line 14.
LaTeX Font Info:    External font `cmex10' loaded for size
(Font)              <6> on input line 14.

Underfull \hbox (badness 10000) in paragraph at lines 30--32

 []

<2024-05-01 144803.png, id=1, 622.57594pt x 216.05719pt>
File: 2024-05-01 144803.png Graphic file (type png)
<use 2024-05-01 144803.png>
Package pdftex.def Info: 2024-05-01 144803.png  used on input line 37.
(pdftex.def)             Requested size: 345.0pt x 119.72853pt.

Overfull \hbox (15.0pt too wide) in paragraph at lines 37--39
[][]
 []

[1

{c:/texlive/2023/texmf-var/fonts/map/pdftex/updmap/pdftex.map}{c:/texlive/2023/
texmf-dist/fonts/enc/dvips/cm-super/cm-super-ts1.enc}]
LaTeX Font Info:    External font `cmex10' loaded for size
(Font)              <7> on input line 65.
LaTeX Font Info:    External font `cmex10' loaded for size
(Font)              <5> on input line 65.

Underfull \hbox (badness 10000) in paragraph at lines 67--68
[]\OT1/cmr/m/n/10 Verification
 []


Underfull \hbox (badness 5548) in paragraph at lines 68--69
[]\OT1/cmr/m/n/10 Sync Com-mit-tee: 512
 []


Underfull \hbox (badness 10000) in paragraph at lines 71--72
[]\OT1/cmr/m/n/10 Verification of Ed-DSA
 []


Underfull \hbox (badness 10000) in paragraph at lines 74--75
[]\OT1/cmr/m/n/10 Verification of Ed-DSA
 []


Underfull \hbox (badness 10000) in paragraph at lines 82--82
[]\OT1/cmr/m/n/10 Constraint
 []


Overfull \hbox (101.33856pt too wide) in paragraph at lines 65--93
 [][] 
 []

[2 <./2024-05-01 144803.png>]
<2024-05-01 153459.png, id=18, 616.55344pt x 282.30469pt>
File: 2024-05-01 153459.png Graphic file (type png)
<use 2024-05-01 153459.png>
Package pdftex.def Info: 2024-05-01 153459.png  used on input line 102.
(pdftex.def)             Requested size: 345.0pt x 157.96892pt.

Overfull \hbox (15.0pt too wide) in paragraph at lines 102--103
[][] 
 []

<cardano_bridge.png, id=19, 1413.02907pt x 800.23969pt>
File: cardano_bridge.png Graphic file (type png)
<use cardano_bridge.png>
Package pdftex.def Info: cardano_bridge.png  used on input line 109.
(pdftex.def)             Requested size: 345.0pt x 195.38274pt.

Overfull \hbox (15.0pt too wide) in paragraph at lines 109--110
[][] 
 []

[3 <./2024-05-01 153459.png>]
Underfull \hbox (badness 10000) in paragraph at lines 121--125

 []


Underfull \hbox (badness 10000) in paragraph at lines 121--125

 []

<signer-workflow-0099dc5e6cbaa76fca1cf084b510003e.png, id=24, 874.26625pt x 778
.91pt>
File: signer-workflow-0099dc5e6cbaa76fca1cf084b510003e.png Graphic file (type p
ng)
<use signer-workflow-0099dc5e6cbaa76fca1cf084b510003e.png>
Package pdftex.def Info: signer-workflow-0099dc5e6cbaa76fca1cf084b510003e.png  
used on input line 128.
(pdftex.def)             Requested size: 345.0pt x 307.3749pt.

Overfull \hbox (15.0pt too wide) in paragraph at lines 128--129
[][] 
 []

[4 <./cardano_bridge.png>]
Overfull \hbox (1.5669pt too wide) in paragraph at lines 141--141
[]\OT1/cmr/m/n/10 Plonk(Halo2)| 
 []


Overfull \hbox (1.5669pt too wide) in paragraph at lines 141--141
[]\OT1/cmr/m/n/10 Plonk(Halo2)
 []


Overfull \hbox (1.5669pt too wide) in paragraph at lines 141--141
[]\OT1/cmr/m/n/10 Plonk(Halo2)
 []


Overfull \hbox (42.20665pt too wide) in paragraph at lines 140--145
 [][] 
 []

[5 <./signer-workflow-0099dc5e6cbaa76fca1cf084b510003e.png>]
(D:/bridge-manuscript/2024.05/2024.05.07(Cadarno Bridge)/out/Cardano Bridge.aux
)

LaTeX Warning: Label(s) may have changed. Rerun to get cross-references right.

 ) 
Here is how much of TeX's memory you used:
 1407 strings out of 477932
 23820 string characters out of 5838032
 1856382 words of memory out of 5000000
 21644 multiletter control sequences out of 15000+600000
 516570 words of font info for 46 fonts, out of 8000000 for 9000
 36 hyphenation exceptions out of 8191
 57i,10n,62p,527b,221s stack positions out of 10000i,1000n,20000p,200000b,200000s
<c:/texlive/2023/texmf-dist/fonts/type1/public/amsfonts/cm/cmbx10.pfb><c:/tex
live/2023/texmf-dist/fonts/type1/public/amsfonts/cm/cmbx12.pfb><c:/texlive/2023
/texmf-dist/fonts/type1/public/amsfonts/cm/cmr10.pfb><c:/texlive/2023/texmf-dis
t/fonts/type1/public/amsfonts/cm/cmr12.pfb><c:/texlive/2023/texmf-dist/fonts/ty
pe1/public/amsfonts/cm/cmr17.pfb><c:/texlive/2023/texmf-dist/fonts/type1/public
/cm-super/sfrm1000.pfb>
Output written on "D:/bridge-manuscript/2024.05/2024.05.07(Cadarno Bridge)/out/
Cardano Bridge.pdf" (5 pages, 1016038 bytes).
PDF statistics:
 60 PDF objects out of 1000 (max. 8388607)
 32 compressed objects within 1 object stream
 0 named destinations out of 1000 (max. 500000)
 21 words of extra memory for PDF output out of 10000 (max. 10000000)

