This is pdfTeX, Version 3.141592653-2.6-1.40.25 (TeX Live 2023) (preloaded format=pdflatex 2024.1.23)  13 JUN 2024 14:15
entering extended mode
 restricted \write18 enabled.
 file:line:error style messages enabled.
 %&-line parsing enabled.
**"Halo2-lib cost and Mithril chain.tex"
(./Halo2-lib cost and Mithril chain.tex
LaTeX2e <2022-11-01> patch level 1
L3 programming layer <2023-02-22>
(c:/texlive/2023/texmf-dist/tex/latex/base/article.cls
Document Class: article 2022/07/02 v1.4n Standard LaTeX document class
(c:/texlive/2023/texmf-dist/tex/latex/base/size10.clo
File: size10.clo 2022/07/02 v1.4n Standard LaTeX file (size option)
)
\c@part=\count185
\c@section=\count186
\c@subsection=\count187
\c@subsubsection=\count188
\c@paragraph=\count189
\c@subparagraph=\count190
\c@figure=\count191
\c@table=\count192
\abovecaptionskip=\skip48
\belowcaptionskip=\skip49
\bibindent=\dimen140
)
(c:/texlive/2023/texmf-dist/tex/latex/graphics/graphicx.sty
Package: graphicx 2021/09/16 v1.2d Enhanced LaTeX Graphics (DPC,SPQR)

(c:/texlive/2023/texmf-dist/tex/latex/graphics/keyval.sty
Package: keyval 2022/05/29 v1.15 key=value parser (DPC)
\KV@toks@=\toks16
)
(c:/texlive/2023/texmf-dist/tex/latex/graphics/graphics.sty
Package: graphics 2022/03/10 v1.4e Standard LaTeX Graphics (DPC,SPQR)

(c:/texlive/2023/texmf-dist/tex/latex/graphics/trig.sty
Package: trig 2021/08/11 v1.11 sin cos tan (DPC)
)
(c:/texlive/2023/texmf-dist/tex/latex/graphics-cfg/graphics.cfg
File: graphics.cfg 2016/06/04 v1.11 sample graphics configuration
)
Package graphics Info: Driver file: pdftex.def on input line 107.

(c:/texlive/2023/texmf-dist/tex/latex/graphics-def/pdftex.def
File: pdftex.def 2022/09/22 v1.2b Graphics/color driver for pdftex
))
\Gin@req@height=\dimen141
\Gin@req@width=\dimen142
)
(c:/texlive/2023/texmf-dist/tex/latex/float/float.sty
Package: float 2001/11/08 v1.3d Float enhancements (AL)
\c@float@type=\count193
\float@exts=\toks17
\float@box=\box51
\@float@everytoks=\toks18
\@floatcapt=\box52
)
(c:/texlive/2023/texmf-dist/tex/latex/l3backend/l3backend-pdftex.def
File: l3backend-pdftex.def 2023-01-16 L3 backend support: PDF output (pdfTeX)
\l__color_backend_stack_int=\count194
\l__pdf_internal_box=\box53
)
No file "Halo2-lib cost and Mithril chain".aux.
\openout1 = `"Halo2-lib cost and Mithril chain.aux"'.

LaTeX Font Info:    Checking defaults for OML/cmm/m/it on input line 12.
LaTeX Font Info:    ... okay on input line 12.
LaTeX Font Info:    Checking defaults for OMS/cmsy/m/n on input line 12.
LaTeX Font Info:    ... okay on input line 12.
LaTeX Font Info:    Checking defaults for OT1/cmr/m/n on input line 12.
LaTeX Font Info:    ... okay on input line 12.
LaTeX Font Info:    Checking defaults for T1/cmr/m/n on input line 12.
LaTeX Font Info:    ... okay on input line 12.
LaTeX Font Info:    Checking defaults for TS1/cmr/m/n on input line 12.
LaTeX Font Info:    ... okay on input line 12.
LaTeX Font Info:    Checking defaults for OMX/cmex/m/n on input line 12.
LaTeX Font Info:    ... okay on input line 12.
LaTeX Font Info:    Checking defaults for U/cmr/m/n on input line 12.
LaTeX Font Info:    ... okay on input line 12.
(c:/texlive/2023/texmf-dist/tex/context/base/mkii/supp-pdf.mkii
[Loading MPS to PDF converter (version 2006.09.02).]
\scratchcounter=\count195
\scratchdimen=\dimen143
\scratchbox=\box54
\nofMPsegments=\count196
\nofMParguments=\count197
\everyMPshowfont=\toks19
\MPscratchCnt=\count198
\MPscratchDim=\dimen144
\MPnumerator=\count199
\makeMPintoPDFobject=\count266
\everyMPtoPDFconversion=\toks20
) (c:/texlive/2023/texmf-dist/tex/latex/epstopdf-pkg/epstopdf-base.sty
Package: epstopdf-base 2020-01-24 v2.11 Base part for package epstopdf
Package epstopdf-base Info: Redefining graphics rule for `.eps' on input line 4
85.

(c:/texlive/2023/texmf-dist/tex/latex/latexconfig/epstopdf-sys.cfg
File: epstopdf-sys.cfg 2010/07/13 v1.3 Configuration of (r)epstopdf for TeX Liv
e
))
LaTeX Font Info:    External font `cmex10' loaded for size
(Font)              <12> on input line 14.
LaTeX Font Info:    External font `cmex10' loaded for size
(Font)              <8> on input line 14.
LaTeX Font Info:    External font `cmex10' loaded for size
(Font)              <6> on input line 14.
LaTeX Font Info:    External font `cmex10' loaded for size
(Font)              <7> on input line 22.
LaTeX Font Info:    External font `cmex10' loaded for size
(Font)              <5> on input line 22.

Overfull \hbox (0.9918pt too wide) in paragraph at lines 23--23
[]\OT1/cmr/m/n/10 lookup| 
 []


Overfull \hbox (3.171pt too wide) in paragraph at lines 23--23
[]\OT1/cmr/m/n/10 proof[]time| 
 []


Overfull \hbox (4.83766pt too wide) in paragraph at lines 23--23
[]\OT1/cmr/m/n/10 verify[]time| 
 []


Overfull \hbox (63.98022pt too wide) in paragraph at lines 22--32
 [][] 
 []


Overfull \hbox (0.9918pt too wide) in paragraph at lines 40--40
[]\OT1/cmr/m/n/10 lookup| 
 []


Overfull \hbox (3.171pt too wide) in paragraph at lines 40--40
[]\OT1/cmr/m/n/10 proof[]time| 
 []


Overfull \hbox (4.83766pt too wide) in paragraph at lines 40--40
[]\OT1/cmr/m/n/10 verify[]time| 
 []


Overfull \hbox (63.98022pt too wide) in paragraph at lines 39--49
 [][] 
 []


Overfull \hbox (0.9918pt too wide) in paragraph at lines 57--57
[]\OT1/cmr/m/n/10 lookup| 
 []


Overfull \hbox (3.171pt too wide) in paragraph at lines 57--57
[]\OT1/cmr/m/n/10 proof[]time| 
 []


Overfull \hbox (4.83766pt too wide) in paragraph at lines 57--57
[]\OT1/cmr/m/n/10 verify[]time| 
 []


Overfull \hbox (63.98022pt too wide) in paragraph at lines 56--69
 [][] 
 []

[1

{c:/texlive/2023/texmf-var/fonts/map/pdftex/updmap/pdftex.map}]
Overfull \hbox (0.9918pt too wide) in paragraph at lines 82--82
[]\OT1/cmr/m/n/10 lookup| 
 []


Overfull \hbox (3.171pt too wide) in paragraph at lines 82--82
[]\OT1/cmr/m/n/10 proof[]time| 
 []


Overfull \hbox (4.83766pt too wide) in paragraph at lines 82--82
[]\OT1/cmr/m/n/10 verify[]time| 
 []


Overfull \hbox (63.98022pt too wide) in paragraph at lines 81--92
 [][] 
 []


Overfull \hbox (0.9918pt too wide) in paragraph at lines 100--100
[]\OT1/cmr/m/n/10 lookup| 
 []


Overfull \hbox (3.171pt too wide) in paragraph at lines 100--100
[]\OT1/cmr/m/n/10 proof[]time| 
 []


Overfull \hbox (4.83766pt too wide) in paragraph at lines 100--100
[]\OT1/cmr/m/n/10 verify[]time| 
 []


Overfull \hbox (63.98022pt too wide) in paragraph at lines 99--110
 [][] 
 []


Overfull \hbox (0.9918pt too wide) in paragraph at lines 118--118
[]\OT1/cmr/m/n/10 lookup| 
 []


Overfull \hbox (3.171pt too wide) in paragraph at lines 118--118
[]\OT1/cmr/m/n/10 proof[]time| 
 []


Overfull \hbox (4.83766pt too wide) in paragraph at lines 118--118
[]\OT1/cmr/m/n/10 verify[]time| 
 []


Overfull \hbox (63.98022pt too wide) in paragraph at lines 117--129
 [][] 
 []

[2]
<certificate-chain-e700241394649f948e0aab47b0f881c9.jpg, id=13, 1480.53125pt x 
679.53876pt>
File: certificate-chain-e700241394649f948e0aab47b0f881c9.jpg Graphic file (type
 jpg)
<use certificate-chain-e700241394649f948e0aab47b0f881c9.jpg>
Package pdftex.def Info: certificate-chain-e700241394649f948e0aab47b0f881c9.jpg
  used on input line 154.
(pdftex.def)             Requested size: 345.0pt x 158.34367pt.

Overfull \hbox (15.0pt too wide) in paragraph at lines 154--155
[][] 
 []

[3]
Overfull \hbox (39.76277pt too wide) in paragraph at lines 170--171
[]\OT1/cmr/m/n/10 MULTI[]SIG(p,n): Multi-signature cre-ated to the mes-sage $\O
ML/cmm/m/it/10 H\OT1/cmr/m/n/10 (\OML/cmm/m/it/10 MSG\OT1/cmr/m/n/10 (\OML/cmm/
m/it/10 p; n\OT1/cmr/m/n/10 )\OMS/cmsy/m/n/10 jj\OML/cmm/m/it/10 AVK\OT1/cmr/m/
n/10 (\OML/cmm/m/it/10 n \OMS/cmsy/m/n/10 ^^@
 []

[4{c:/texlive/2023/texmf-dist/fonts/enc/dvips/cm-super/cm-super-ts1.enc} <./cer
tificate-chain-e700241394649f948e0aab47b0f881c9.jpg>]
Overfull \hbox (39.11542pt too wide) in paragraph at lines 194--195
[]\OT1/cmr/bx/n/10 Step 5.1.1\OT1/cmr/m/n/10 : Ver-ify (or fail) that the $[]$ 
of the $[]$
 []


Overfull \hbox (32.84496pt too wide) in paragraph at lines 198--199
\OT1/cmr/m/n/10 the epoch, ver-ify (or fail) that the $[]$ of the $[]$
 []


Overfull \hbox (45.72653pt too wide) in paragraph at lines 202--203
[]\OT1/cmr/bx/n/10 Step 5.1.3\OT1/cmr/m/n/10 : Ver-ify (or fail) that the $[]$ 
of the $[]$
 []


Overfull \hbox (39.11542pt too wide) in paragraph at lines 211--212
[]\OT1/cmr/bx/n/10 Step 5.2.1\OT1/cmr/m/n/10 : Ver-ify (or fail) that the $[]$ 
of the $[]$
 []


Overfull \hbox (26.28214pt too wide) in paragraph at lines 212--213
[]\OT1/cmr/bx/n/10 Step 5.2.2\OT1/cmr/m/n/10 : Ver-ify (or fail) that the $[]$ 
of the $[]$
 []

[5] [6]
(D:/bridge-manuscript/2024.05/2025.05.14(Halo2-lib cost and Mithril chain)/out/
Halo2-lib cost and Mithril chain.aux)

LaTeX Warning: Label(s) may have changed. Rerun to get cross-references right.

 ) 
Here is how much of TeX's memory you used:
 1395 strings out of 477932
 23702 string characters out of 5838032
 1904382 words of memory out of 5000000
 21633 multiletter control sequences out of 15000+600000
 517782 words of font info for 50 fonts, out of 8000000 for 9000
 36 hyphenation exceptions out of 8191
 57i,11n,62p,486b,290s stack positions out of 10000i,1000n,20000p,200000b,200000s
<c:/texlive/2023/texmf-dist/fonts/type1/public/amsfonts/cm/cmbx10.pfb><c:/tex
live/2023/texmf-dist/fonts/type1/public/amsfonts/cm/cmbx12.pfb><c:/texlive/2023
/texmf-dist/fonts/type1/public/amsfonts/cm/cmmi10.pfb><c:/texlive/2023/texmf-di
st/fonts/type1/public/amsfonts/cm/cmr10.pfb><c:/texlive/2023/texmf-dist/fonts/t
ype1/public/amsfonts/cm/cmr12.pfb><c:/texlive/2023/texmf-dist/fonts/type1/publi
c/amsfonts/cm/cmr17.pfb><c:/texlive/2023/texmf-dist/fonts/type1/public/amsfonts
/cm/cmss10.pfb><c:/texlive/2023/texmf-dist/fonts/type1/public/amsfonts/cm/cmsy1
0.pfb><c:/texlive/2023/texmf-dist/fonts/type1/public/cm-super/sfrm1000.pfb>
Output written on "D:/bridge-manuscript/2024.05/2025.05.14(Halo2-lib cost and M
ithril chain)/out/Halo2-lib cost and Mithril chain.pdf" (6 pages, 310187 bytes)
.
PDF statistics:
 70 PDF objects out of 1000 (max. 8388607)
 42 compressed objects within 1 object stream
 0 named destinations out of 1000 (max. 500000)
 6 words of extra memory for PDF output out of 10000 (max. 10000000)

